<?xml version="1.0" encoding="utf-8"?><testsuites name="pytest tests"><testsuite name="pytest" errors="0" failures="0" skipped="0" tests="20" time="3.080" timestamp="2026-05-11T01:33:56.055038+00:00" hostname="agent-env-953f8752-9901-4db2-88b9-12be82344a51"><testcase classname="backend.tests.test_new_features.TestFonts" name="test_ionicons_ttf" time="0.253" /><testcase classname="backend.tests.test_new_features.TestWorldCrisis" name="test_crisis_all" time="0.952" /><testcase classname="backend.tests.test_new_features.TestWorldCrisis" name="test_crisis_military" time="0.168" /><testcase classname="backend.tests.test_new_features.TestWorldCrisis" name="test_hotspots" time="0.055" /><testcase classname="backend.tests.test_new_features.TestStocksFinnhub" name="test_quotes_live" time="0.394" /><testcase classname="backend.tests.test_new_features.TestStocksFinnhub" name="test_intraday_points" time="0.347" /><testcase classname="backend.tests.test_new_features.TestDAGRCMD" name="test_register_officer_alpha" time="0.071" /><testcase classname="backend.tests.test_new_features.TestDAGRCMD" name="test_register_officer_bravo" time="0.052" /><testcase classname="backend.tests.test_new_features.TestDAGRCMD" name="test_register_rotate_key" time="0.050" /><testcase classname="backend.tests.test_new_features.TestDAGRCMD" name="test_register_conflict_bad_auth" time="0.054" /><testcase classname="backend.tests.test_new_features.TestDAGRCMD" name="test_login_officer" time="0.048" /><testcase classname="backend.tests.test_new_features.TestDAGRCMD" name="test_login_bad_auth" time="0.063" /><testcase classname="backend.tests.test_new_features.TestDAGRCMD" name="test_list_officers_directory" time="0.047" /><testcase classname="backend.tests.test_new_features.TestDAGRCMD" name="test_create_channel" time="0.077" /><testcase classname="backend.tests.test_new_features.TestDAGRCMD" name="test_list_channels_for_member" time="0.051" /><testcase classname="backend.tests.test_new_features.TestDAGRCMD" name="test_join_channel_bad_code" time="0.056" /><testcase classname="backend.tests.test_new_features.TestDAGRCMD" name="test_join_channel_bad_auth" time="0.049" /><testcase classname="backend.tests.test_new_features.TestDAGRCMD" name="test_send_message_and_retrieve" time="0.174" /><testcase classname="backend.tests.test_new_features.TestDAGRCMD" name="test_message_non_member_forbidden" time="0.055" /><testcase classname="backend.tests.test_new_features.TestDAGRCMD" name="test_cleanup" time="0.000" /></testsuite></testsuites>