<?xml version="1.0" encoding="utf-8"?><testsuites name="pytest tests"><testsuite name="pytest" errors="0" failures="0" skipped="0" tests="16" time="94.605" timestamp="2026-05-11T00:51:01.677589+00:00" hostname="agent-env-953f8752-9901-4db2-88b9-12be82344a51"><testcase classname="backend.tests.test_inception_backend.TestHealth" name="test_health_root" time="11.002" /><testcase classname="backend.tests.test_inception_backend.TestChat" name="test_chat_send" time="1.799" /><testcase classname="backend.tests.test_inception_backend.TestChat" name="test_chat_history" time="0.055" /><testcase classname="backend.tests.test_inception_backend.TestStocks" name="test_quotes_batch" time="0.061" /><testcase classname="backend.tests.test_inception_backend.TestStocks" name="test_intraday" time="8.678" /><testcase classname="backend.tests.test_inception_backend.TestStocks" name="test_quarterly" time="0.142" /><testcase classname="backend.tests.test_inception_backend.TestStocks" name="test_news" time="0.139" /><testcase classname="backend.tests.test_inception_backend.TestStocks" name="test_recommendation" time="4.373" /><testcase classname="backend.tests.test_inception_backend.TestDocuments" name="test_generate_pdf" time="46.783" /><testcase classname="backend.tests.test_inception_backend.TestDocuments" name="test_generate_pptx" time="19.876" /><testcase classname="backend.tests.test_inception_backend.TestDocuments" name="test_list_documents" time="0.054" /><testcase classname="backend.tests.test_inception_backend.TestDocuments" name="test_get_single_document" time="0.051" /><testcase classname="backend.tests.test_inception_backend.TestDocuments" name="test_delete_document" time="0.189" /><testcase classname="backend.tests.test_inception_backend.TestWatchlist" name="test_default_watchlist" time="0.050" /><testcase classname="backend.tests.test_inception_backend.TestWatchlist" name="test_put_and_get_watchlist" time="0.137" /><testcase classname="backend.tests.test_inception_backend.TestTTS" name="test_tts_basic" time="1.163" /></testsuite></testsuites>