<?xml version="1.0" encoding="utf-8"?><testsuites name="pytest tests"><testsuite name="pytest" errors="0" failures="1" skipped="0" tests="16" time="68.999" timestamp="2026-05-11T01:34:03.860817+00:00" hostname="agent-env-953f8752-9901-4db2-88b9-12be82344a51"><testcase classname="backend.tests.test_inception_backend.TestHealth" name="test_health_root" time="0.133" /><testcase classname="backend.tests.test_inception_backend.TestChat" name="test_chat_send" time="2.195" /><testcase classname="backend.tests.test_inception_backend.TestChat" name="test_chat_history" time="0.051" /><testcase classname="backend.tests.test_inception_backend.TestStocks" name="test_quotes_batch" time="0.415" /><testcase classname="backend.tests.test_inception_backend.TestStocks" name="test_intraday" time="0.170" /><testcase classname="backend.tests.test_inception_backend.TestStocks" name="test_quarterly" time="0.167" /><testcase classname="backend.tests.test_inception_backend.TestStocks" name="test_news" time="0.144" /><testcase classname="backend.tests.test_inception_backend.TestStocks" name="test_recommendation" time="3.067" /><testcase classname="backend.tests.test_inception_backend.TestDocuments" name="test_generate_pdf" time="41.739"><failure message="AssertionError: {&quot;detail&quot;:&quot;Bad outline JSON: Expecting ',' delimiter: line 1 column 7370 (char 7369)&quot;}&#10;assert 500 == 200&#10; +  where 500 = &lt;Response [500]&gt;.status_code">backend/tests/test_inception_backend.py:122: in test_generate_pdf
    assert r.status_code == 200, r.text
E   AssertionError: {"detail":"Bad outline JSON: Expecting ',' delimiter: line 1 column 7370 (char 7369)"}
E   assert 500 == 200
E    +  where 500 = &lt;Response [500]&gt;.status_code</failure></testcase><testcase classname="backend.tests.test_inception_backend.TestDocuments" name="test_generate_pptx" time="19.496" /><testcase classname="backend.tests.test_inception_backend.TestDocuments" name="test_list_documents" time="0.057" /><testcase classname="backend.tests.test_inception_backend.TestDocuments" name="test_get_single_document" time="0.068" /><testcase classname="backend.tests.test_inception_backend.TestDocuments" name="test_delete_document" time="0.099" /><testcase classname="backend.tests.test_inception_backend.TestWatchlist" name="test_default_watchlist" time="0.059" /><testcase classname="backend.tests.test_inception_backend.TestWatchlist" name="test_put_and_get_watchlist" time="0.103" /><testcase classname="backend.tests.test_inception_backend.TestTTS" name="test_tts_basic" time="0.991" /></testsuite></testsuites>